<?xml version="1.0" encoding="UTF-8"?>
<!-- Generated by org.testng.reporters.JUnitXMLReporter -->
<testsuite ignored="0" hostname="DESKTOP-BMK3LDR" failures="0" tests="3" name="Test" time="142.517" errors="0" timestamp="2025-11-13T11:07:48 IST">
  <testcase classname="ValidatePages.ValidateCssPage" name="Test2" time="29.087"/>
  <testcase classname="ValidatePages.ValidateSqlPage" name="test1" time="56.195"/>
  <testcase classname="ValidatePages.VlidateYessInfotechWeb" name="Test3" time="142.366"/>
</testsuite> <!-- Test -->
