<?xml version="1.0" encoding="UTF-8"?>
<testng-results ignored="0" total="3" passed="3" failed="0" skipped="0">
  <reporter-output>
  </reporter-output>
  <suite started-at="2025-11-13T11:05:26 IST" name="Suite" finished-at="2025-11-13T11:07:48 IST" duration-ms="142517">
    <groups>
    </groups>
    <test started-at="2025-11-13T11:05:26 IST" name="Test" finished-at="2025-11-13T11:07:48 IST" duration-ms="142517">
      <class name="ValidatePages.ValidateSqlPage">
        <test-method signature="test1()[pri:0, instance:ValidatePages.ValidateSqlPage@1aafa419]" started-at="2025-11-13T11:05:26 IST" name="test1" finished-at="2025-11-13T11:06:22 IST" duration-ms="56195" status="PASS">
          <reporter-output>
          </reporter-output>
        </test-method> <!-- test1 -->
      </class> <!-- ValidatePages.ValidateSqlPage -->
      <class name="ValidatePages.VlidateYessInfotechWeb">
        <test-method signature="Test3()[pri:0, instance:ValidatePages.VlidateYessInfotechWeb@a1153bc]" started-at="2025-11-13T11:05:26 IST" name="Test3" finished-at="2025-11-13T11:07:48 IST" duration-ms="142366" status="PASS">
          <reporter-output>
          </reporter-output>
        </test-method> <!-- Test3 -->
      </class> <!-- ValidatePages.VlidateYessInfotechWeb -->
      <class name="ValidatePages.ValidateCssPage">
        <test-method signature="Test2()[pri:0, instance:ValidatePages.ValidateCssPage@7cc0cdad]" started-at="2025-11-13T11:05:26 IST" name="Test2" finished-at="2025-11-13T11:05:55 IST" duration-ms="29087" status="PASS">
          <reporter-output>
          </reporter-output>
        </test-method> <!-- Test2 -->
      </class> <!-- ValidatePages.ValidateCssPage -->
    </test> <!-- Test -->
  </suite> <!-- Suite -->
</testng-results>
